<?xml version="1.0" encoding="UTF-8"?>
<!-- Generated by org.testng.reporters.JUnitXMLReporter -->
<testsuite hostname="Jayavelu-PC" ignored="0" name="Test" tests="4" failures="0" timestamp="19 Aug 2019 20:57:38 GMT" time="80.008" errors="0">
  <testcase name="checkLoginHome" time="1.988" classname="Scripts.UseCase1Login"/>
  <testcase name="searchEmployee" time="6.862" classname="Scripts.SearchEmpTest"/>
  <testcase name="createUser" time="11.236" classname="Scripts.CreateUserTest"/>
  <testcase name="editUser" time="9.279" classname="Scripts.EditUserUseCase"/>
</testsuite> <!-- Test -->
