<?xml version="1.0" encoding="UTF-8"?>
<!-- Generated by org.testng.reporters.JUnitXMLReporter -->
<testsuite hostname="Jayavelu-PC" ignored="0" name="Test" tests="4" failures="1" timestamp="18 Aug 2019 09:48:47 GMT" time="71.319" errors="0">
  <testcase name="checkLoginHome" time="1.576" classname="Scripts.UseCase1Login">
    <failure type="java.lang.AssertionError" message="expected [true] but found [false]">
      <![CDATA[java.lang.AssertionError: expected [true] but found [false]
at Scripts.UseCase1Login.checkLoginHome(UseCase1Login.java:33)
... Removed 33 stack frames]]>
    </failure>
  </testcase> <!-- checkLoginHome -->
  <testcase name="searchEmployee" time="6.243" classname="Scripts.SearchEmpTest"/>
  <testcase name="createUser" time="11.343" classname="Scripts.CreateUserTest"/>
  <testcase name="editUser" time="9.46" classname="Scripts.EditUserUseCase"/>
</testsuite> <!-- Test -->
