<?xml version="1.0" encoding="UTF-8"?>
<testng-results skipped="0" failed="0" ignored="0" total="4" passed="4">
  <reporter-output>
    <line>
      <![CDATA[Welcome text from HomePage --> Good morning Norma]]>
    </line>
    <line>
      <![CDATA[Records Before Filter --> 25]]>
    </line>
    <line>
      <![CDATA[Records after Filter --> 1]]>
    </line>
    <line>
      <![CDATA[Assertion Passed, After User Data Entry and Click Create --> Read-only session, data not updated]]>
    </line>
    <line>
      <![CDATA[Assertion Passed, After Edit User and click on Save--> Read-only session, data not updated]]>
    </line>
  </reporter-output>
  <suite name="Suite" duration-ms="80008" started-at="2019-08-19T20:56:18Z" finished-at="2019-08-19T20:57:38Z">
    <groups>
    </groups>
    <test name="Test" duration-ms="80008" started-at="2019-08-19T20:56:18Z" finished-at="2019-08-19T20:57:38Z">
      <class name="Scripts.EditUserUseCase">
        <test-method status="PASS" signature="openBrowser()[pri:0, instance:Scripts.EditUserUseCase@3e6fa38a]" name="openBrowser" is-config="true" duration-ms="9201" started-at="2019-08-19T20:57:17Z" finished-at="2019-08-19T20:57:26Z">
          <reporter-output>
          </reporter-output>
        </test-method> <!-- openBrowser -->
        <test-method status="PASS" signature="editUser()[pri:0, instance:Scripts.EditUserUseCase@3e6fa38a]" name="editUser" duration-ms="9279" started-at="2019-08-19T20:57:26Z" finished-at="2019-08-19T20:57:35Z">
          <reporter-output>
            <line>
              <![CDATA[Assertion Passed, After Edit User and click on Save--> Read-only session, data not updated]]>
            </line>
          </reporter-output>
        </test-method> <!-- editUser -->
        <test-method status="PASS" signature="closeBrowser()[pri:0, instance:Scripts.EditUserUseCase@3e6fa38a]" name="closeBrowser" is-config="true" duration-ms="2198" started-at="2019-08-19T20:57:35Z" finished-at="2019-08-19T20:57:38Z">
          <reporter-output>
          </reporter-output>
        </test-method> <!-- closeBrowser -->
      </class> <!-- Scripts.EditUserUseCase -->
      <class name="Scripts.CreateUserTest">
        <test-method status="PASS" signature="openBrowser()[pri:0, instance:Scripts.CreateUserTest@47c62251]" name="openBrowser" is-config="true" duration-ms="10022" started-at="2019-08-19T20:56:54Z" finished-at="2019-08-19T20:57:04Z">
          <reporter-output>
          </reporter-output>
        </test-method> <!-- openBrowser -->
        <test-method status="PASS" signature="createUser(java.lang.String, java.lang.String, java.lang.String, java.lang.String, java.lang.String, java.lang.String, java.lang.String, java.lang.String, java.lang.String, java.lang.String, java.lang.String, java.lang.String)[pri:0, instance:Scripts.CreateUserTest@47c62251]" name="createUser" duration-ms="11236" started-at="2019-08-19T20:57:04Z" data-provider="usercreation" finished-at="2019-08-19T20:57:15Z">
          <params>
            <param index="0">
              <value>
                <![CDATA[Rajashekar]]>
              </value>
            </param>
            <param index="1">
              <value>
                <![CDATA[MR]]>
              </value>
            </param>
            <param index="2">
              <value>
                <![CDATA[rajashekartr]]>
              </value>
            </param>
            <param index="3">
              <value>
                <![CDATA[rajashekartr@123]]>
              </value>
            </param>
            <param index="4">
              <value>
                <![CDATA[rajashekartr@123]]>
              </value>
            </param>
            <param index="5">
              <value>
                <![CDATA[12/12/1980]]>
              </value>
            </param>
            <param index="6">
              <value>
                <![CDATA[rajshekartr123@gmail.com]]>
              </value>
            </param>
            <param index="7">
              <value>
                <![CDATA[9923909239]]>
              </value>
            </param>
            <param index="8">
              <value>
                <![CDATA[Test Engineer]]>
              </value>
            </param>
            <param index="9">
              <value>
                <![CDATA[01/01/2018]]>
              </value>
            </param>
            <param index="10">
              <value>
                <![CDATA[Dottie]]>
              </value>
            </param>
            <param index="11">
              <value>
                <![CDATA[Engineering]]>
              </value>
            </param>
          </params>
          <reporter-output>
            <line>
              <![CDATA[Assertion Passed, After User Data Entry and Click Create --> Read-only session, data not updated]]>
            </line>
          </reporter-output>
        </test-method> <!-- createUser -->
        <test-method status="PASS" signature="closeBrowser()[pri:0, instance:Scripts.CreateUserTest@47c62251]" name="closeBrowser" is-config="true" duration-ms="2142" started-at="2019-08-19T20:57:15Z" finished-at="2019-08-19T20:57:17Z">
          <reporter-output>
          </reporter-output>
        </test-method> <!-- closeBrowser -->
      </class> <!-- Scripts.CreateUserTest -->
      <class name="Scripts.SearchEmpTest">
        <test-method status="PASS" signature="openBrowser()[pri:0, instance:Scripts.SearchEmpTest@6f7fd0e6]" name="openBrowser" is-config="true" duration-ms="9885" started-at="2019-08-19T20:56:35Z" finished-at="2019-08-19T20:56:45Z">
          <reporter-output>
          </reporter-output>
        </test-method> <!-- openBrowser -->
        <test-method status="PASS" signature="searchEmployee()[pri:0, instance:Scripts.SearchEmpTest@6f7fd0e6]" name="searchEmployee" duration-ms="6862" started-at="2019-08-19T20:56:45Z" finished-at="2019-08-19T20:56:51Z">
          <reporter-output>
            <line>
              <![CDATA[Records Before Filter --> 25]]>
            </line>
            <line>
              <![CDATA[Records after Filter --> 1]]>
            </line>
          </reporter-output>
        </test-method> <!-- searchEmployee -->
        <test-method status="PASS" signature="closeBrowser()[pri:0, instance:Scripts.SearchEmpTest@6f7fd0e6]" name="closeBrowser" is-config="true" duration-ms="2125" started-at="2019-08-19T20:56:51Z" finished-at="2019-08-19T20:56:53Z">
          <reporter-output>
          </reporter-output>
        </test-method> <!-- closeBrowser -->
      </class> <!-- Scripts.SearchEmpTest -->
      <class name="Scripts.UseCase1Login">
        <test-method status="PASS" signature="openBrowser()[pri:0, instance:Scripts.UseCase1Login@27efef64]" name="openBrowser" is-config="true" duration-ms="12881" started-at="2019-08-19T20:56:18Z" finished-at="2019-08-19T20:56:31Z">
          <reporter-output>
          </reporter-output>
        </test-method> <!-- openBrowser -->
        <test-method status="PASS" signature="checkLoginHome()[pri:0, instance:Scripts.UseCase1Login@27efef64]" name="checkLoginHome" duration-ms="1988" started-at="2019-08-19T20:56:31Z" finished-at="2019-08-19T20:56:32Z">
          <reporter-output>
            <line>
              <![CDATA[Welcome text from HomePage --> Good morning Norma]]>
            </line>
          </reporter-output>
        </test-method> <!-- checkLoginHome -->
        <test-method status="PASS" signature="closeBrowser()[pri:0, instance:Scripts.UseCase1Login@27efef64]" name="closeBrowser" is-config="true" duration-ms="2115" started-at="2019-08-19T20:56:32Z" finished-at="2019-08-19T20:56:35Z">
          <reporter-output>
          </reporter-output>
        </test-method> <!-- closeBrowser -->
      </class> <!-- Scripts.UseCase1Login -->
    </test> <!-- Test -->
  </suite> <!-- Suite -->
</testng-results>
